<?xml version="1.0" encoding="UTF-8"?>
<!-- Generated by org.testng.reporters.JUnitReportReporter -->
<testsuite hostname="LAPTOP-JNGBS137" failures="0" tests="1" name="base.Login" time="111.752" errors="0" timestamp="2022-12-24T14:42:52 IST" skipped="0">
  <testcase classname="base.Login" name="login_test" time="111.752"/>
  <system-out/>
</testsuite> <!-- base.Login -->
