<?xml version="1.0" encoding="UTF-8"?>
<!-- Generated by org.testng.reporters.JUnitReportReporter -->
<testsuite hostname="MANI-SL" failures="0" tests="1" name="com.Test_Components.MMTCal" time="23.944" errors="0" timestamp="2025-06-24T08:29:15 IST" skipped="0">
  <testcase classname="com.Test_Components.MMTCal" name="mmttest" time="23.944"/>
  <system-out/>
</testsuite> <!-- com.Test_Components.MMTCal -->
