<?xml version="1.0" encoding="UTF-8"?>
<!-- Generated by org.testng.reporters.JUnitReportReporter -->
<testsuite hostname="LAPTOP-JNGBS137" failures="0" tests="1" name="com.Tests.ErrorValidation" time="11.676" errors="0" timestamp="2023-08-18T21:28:19 GMT-05:00" skipped="0">
  <testcase classname="com.Tests.ErrorValidation" name="login_errorValidation_test" time="11.676"/>
  <system-out/>
</testsuite> <!-- com.Tests.ErrorValidation -->
