<?xml version="1.0" encoding="UTF-8"?>
<!-- Generated by org.testng.reporters.JUnitReportReporter -->
<testsuite hostname="MANI-SL" failures="0" tests="1" name="com.Test_Components.PostAuth" time="11.002" errors="0" timestamp="2025-06-25T08:57:28 IST" skipped="0">
  <testcase classname="com.Test_Components.PostAuth" name="mmttest" time="11.002"/>
  <system-out/>
</testsuite> <!-- com.Test_Components.PostAuth -->
